<?xml version="1.0" encoding="UTF-8"?>
<testsuite name="src.MoneyTest" tests="1" skipped="0" failures="0" errors="0" timestamp="2021-02-12T00:47:37" hostname="baegseunghwaui-MacBookPro.local" time="0.014">
  <properties/>
  <testcase name="testMultiplication()" classname="src.MoneyTest" time="0.014"/>
  <system-out><![CDATA[]]></system-out>
  <system-err><![CDATA[]]></system-err>
</testsuite>
