<?xml version="1.0" encoding="UTF-8"?>
<testsuite name="src.MoneyTest" tests="1" skipped="0" failures="0" errors="0" timestamp="2021-02-12T02:30:17" hostname="baegseunghwaui-MacBookPro.local" time="0.016">
  <properties/>
  <testcase name="달러의 곱셈이 가능해야한다" classname="src.MoneyTest" time="0.016"/>
  <system-out><![CDATA[]]></system-out>
  <system-err><![CDATA[]]></system-err>
</testsuite>
